<?xml version="1.0" encoding="UTF-8"?>
<testng-results ignored="0" total="16" passed="16" failed="0" skipped="0">
  <reporter-output>
  </reporter-output>
  <suite started-at="2023-05-16T16:58:35 PST" name="Default suite" finished-at="2023-05-16T16:59:37 PST" duration-ms="61430">
    <groups>
    </groups>
    <test started-at="2023-05-16T16:58:35 PST" name="Default test" finished-at="2023-05-16T16:59:37 PST" duration-ms="61430">
      <class name="testiPhoneAndTablet.IOSTabletTestUI">
        <test-method is-config="true" signature="beforeclass()[pri:0, instance:testiPhoneAndTablet.IOSTabletTestUI@3f191845]" started-at="2023-05-16T16:58:30 PST" name="beforeclass" finished-at="2023-05-16T16:58:35 PST" duration-ms="5115" status="PASS">
          <reporter-output>
          </reporter-output>
        </test-method> <!-- beforeclass -->
        <test-method signature="UI_1()[pri:1, instance:testiPhoneAndTablet.IOSTabletTestUI@3f191845]" started-at="2023-05-16T16:58:35 PST" name="UI_1" finished-at="2023-05-16T16:58:42 PST" duration-ms="7208" status="PASS">
          <reporter-output>
          </reporter-output>
        </test-method> <!-- UI_1 -->
        <test-method signature="UI_2()[pri:2, instance:testiPhoneAndTablet.IOSTabletTestUI@3f191845]" started-at="2023-05-16T16:58:42 PST" name="UI_2" finished-at="2023-05-16T16:58:43 PST" duration-ms="713" status="PASS">
          <reporter-output>
          </reporter-output>
        </test-method> <!-- UI_2 -->
        <test-method signature="UI_3()[pri:3, instance:testiPhoneAndTablet.IOSTabletTestUI@3f191845]" started-at="2023-05-16T16:58:43 PST" name="UI_3" finished-at="2023-05-16T16:58:44 PST" duration-ms="702" status="PASS">
          <reporter-output>
          </reporter-output>
        </test-method> <!-- UI_3 -->
        <test-method signature="UI_4()[pri:4, instance:testiPhoneAndTablet.IOSTabletTestUI@3f191845]" started-at="2023-05-16T16:58:44 PST" name="UI_4" finished-at="2023-05-16T16:58:45 PST" duration-ms="1098" status="PASS">
          <reporter-output>
          </reporter-output>
        </test-method> <!-- UI_4 -->
        <test-method signature="UI_5()[pri:5, instance:testiPhoneAndTablet.IOSTabletTestUI@3f191845]" started-at="2023-05-16T16:58:45 PST" name="UI_5" finished-at="2023-05-16T16:58:47 PST" duration-ms="2262" status="PASS">
          <reporter-output>
          </reporter-output>
        </test-method> <!-- UI_5 -->
        <test-method signature="UI_6()[pri:6, instance:testiPhoneAndTablet.IOSTabletTestUI@3f191845]" started-at="2023-05-16T16:58:47 PST" name="UI_6" finished-at="2023-05-16T16:58:49 PST" duration-ms="2012" status="PASS">
          <reporter-output>
          </reporter-output>
        </test-method> <!-- UI_6 -->
        <test-method signature="UI_7()[pri:7, instance:testiPhoneAndTablet.IOSTabletTestUI@3f191845]" started-at="2023-05-16T16:58:49 PST" name="UI_7" finished-at="2023-05-16T16:59:01 PST" duration-ms="11469" status="PASS">
          <reporter-output>
          </reporter-output>
        </test-method> <!-- UI_7 -->
        <test-method signature="UI_8()[pri:8, instance:testiPhoneAndTablet.IOSTabletTestUI@3f191845]" started-at="2023-05-16T16:59:01 PST" name="UI_8" finished-at="2023-05-16T16:59:05 PST" duration-ms="4576" status="PASS">
          <reporter-output>
          </reporter-output>
        </test-method> <!-- UI_8 -->
        <test-method signature="UI_9()[pri:9, instance:testiPhoneAndTablet.IOSTabletTestUI@3f191845]" started-at="2023-05-16T16:59:05 PST" name="UI_9" finished-at="2023-05-16T16:59:10 PST" duration-ms="4989" status="PASS">
          <reporter-output>
          </reporter-output>
        </test-method> <!-- UI_9 -->
        <test-method signature="UI_010()[pri:10, instance:testiPhoneAndTablet.IOSTabletTestUI@3f191845]" started-at="2023-05-16T16:59:10 PST" name="UI_010" finished-at="2023-05-16T16:59:15 PST" duration-ms="4523" status="PASS">
          <reporter-output>
          </reporter-output>
        </test-method> <!-- UI_010 -->
        <test-method signature="UI_011()[pri:11, instance:testiPhoneAndTablet.IOSTabletTestUI@3f191845]" started-at="2023-05-16T16:59:15 PST" name="UI_011" finished-at="2023-05-16T16:59:18 PST" duration-ms="3655" status="PASS">
          <reporter-output>
          </reporter-output>
        </test-method> <!-- UI_011 -->
        <test-method signature="UI_012()[pri:12, instance:testiPhoneAndTablet.IOSTabletTestUI@3f191845]" started-at="2023-05-16T16:59:18 PST" name="UI_012" finished-at="2023-05-16T16:59:20 PST" duration-ms="1387" status="PASS">
          <reporter-output>
          </reporter-output>
        </test-method> <!-- UI_012 -->
        <test-method signature="UI_013()[pri:13, instance:testiPhoneAndTablet.IOSTabletTestUI@3f191845]" started-at="2023-05-16T16:59:20 PST" name="UI_013" finished-at="2023-05-16T16:59:28 PST" duration-ms="7855" status="PASS">
          <reporter-output>
          </reporter-output>
        </test-method> <!-- UI_013 -->
        <test-method signature="UI_014()[pri:14, instance:testiPhoneAndTablet.IOSTabletTestUI@3f191845]" started-at="2023-05-16T16:59:28 PST" name="UI_014" finished-at="2023-05-16T16:59:32 PST" duration-ms="3970" status="PASS">
          <reporter-output>
          </reporter-output>
        </test-method> <!-- UI_014 -->
        <test-method signature="UI_015()[pri:15, instance:testiPhoneAndTablet.IOSTabletTestUI@3f191845]" started-at="2023-05-16T16:59:32 PST" name="UI_015" finished-at="2023-05-16T16:59:34 PST" duration-ms="2121" status="PASS">
          <reporter-output>
          </reporter-output>
        </test-method> <!-- UI_015 -->
        <test-method signature="UI_020()[pri:16, instance:testiPhoneAndTablet.IOSTabletTestUI@3f191845]" started-at="2023-05-16T16:59:34 PST" name="UI_020" finished-at="2023-05-16T16:59:37 PST" duration-ms="2849" status="PASS">
          <reporter-output>
          </reporter-output>
        </test-method> <!-- UI_020 -->
        <test-method is-config="true" signature="afterclass()[pri:0, instance:testiPhoneAndTablet.IOSTabletTestUI@3f191845]" started-at="2023-05-16T16:59:42 PST" name="afterclass" finished-at="2023-05-16T16:59:42 PST" duration-ms="87" status="PASS">
          <reporter-output>
          </reporter-output>
        </test-method> <!-- afterclass -->
      </class> <!-- testiPhoneAndTablet.IOSTabletTestUI -->
    </test> <!-- Default test -->
  </suite> <!-- Default suite -->
</testng-results>
